<?xml version="1.0" encoding="UTF-8"?>
<!-- Generated by org.testng.reporters.JUnitReportReporter -->
<testsuite hostname="DESKTOP-3PERPIQ" failures="0" tests="1" name="com.pages.TestSelingpage" time="10.225" errors="0" timestamp="2025-01-19T17:10:02 IST" skipped="0">
  <testcase classname="com.pages.TestSelingpage" name="test02" time="10.225"/>
</testsuite> <!-- com.pages.TestSelingpage -->
