<?xml version="1.0" encoding="UTF-8"?>
<!-- Generated by org.testng.reporters.JUnitReportReporter -->
<testsuite hostname="DESKTOP-3PERPIQ" failures="0" tests="1" name="com.pages.HomePageTest" time="6.418" errors="0" timestamp="2025-01-19T17:07:07 IST" skipped="0">
  <testcase classname="com.pages.HomePageTest" name="Test01" time="6.418"/>
</testsuite> <!-- com.pages.HomePageTest -->
